running egg_info
writing ../build/Robotics_Assignment1/Robotics_Assignment1.egg-info/PKG-INFO
writing dependency_links to ../build/Robotics_Assignment1/Robotics_Assignment1.egg-info/dependency_links.txt
writing entry points to ../build/Robotics_Assignment1/Robotics_Assignment1.egg-info/entry_points.txt
writing requirements to ../build/Robotics_Assignment1/Robotics_Assignment1.egg-info/requires.txt
writing top-level names to ../build/Robotics_Assignment1/Robotics_Assignment1.egg-info/top_level.txt
reading manifest file '../build/Robotics_Assignment1/Robotics_Assignment1.egg-info/SOURCES.txt'
writing manifest file '../build/Robotics_Assignment1/Robotics_Assignment1.egg-info/SOURCES.txt'
running build
running build_py
running install
running install_lib
running install_data
running install_egg_info
removing '/root/ros2_ws/install/Robotics_Assignment1/lib/python3.12/site-packages/Robotics_Assignment1-0.0.0-py3.12.egg-info' (and everything under it)
Copying ../build/Robotics_Assignment1/Robotics_Assignment1.egg-info to /root/ros2_ws/install/Robotics_Assignment1/lib/python3.12/site-packages/Robotics_Assignment1-0.0.0-py3.12.egg-info
running install_scripts
Installing client script to /root/ros2_ws/install/Robotics_Assignment1/lib/Robotics_Assignment1
Installing service script to /root/ros2_ws/install/Robotics_Assignment1/lib/Robotics_Assignment1
writing list of installed files to '/root/ros2_ws/build/Robotics_Assignment1/install.log'
