[1.263s] Invoking command in '/root/ros2_ws/src': DEBUGINFOD_URLS=https://debuginfod.ubuntu.com PYTHONPATH=/root/ros2_ws/build/Robotics_Assignment1/prefix_override:/usr/lib/python3/dist-packages/colcon_core/task/python/colcon_distutils_commands:/root/ros2_ws/install/Robotics_Assignment1/lib/python3.12/site-packages:${PYTHONPATH} /usr/bin/python3 -W ignore:setup.py install is deprecated setup.py egg_info --egg-base ../build/Robotics_Assignment1 build --build-base /root/ros2_ws/build/Robotics_Assignment1/build install --record /root/ros2_ws/build/Robotics_Assignment1/install.log --single-version-externally-managed install_data
[1.530s] running egg_info
[1.548s] writing ../build/Robotics_Assignment1/Robotics_Assignment1.egg-info/PKG-INFO
[1.549s] writing dependency_links to ../build/Robotics_Assignment1/Robotics_Assignment1.egg-info/dependency_links.txt
[1.549s] writing entry points to ../build/Robotics_Assignment1/Robotics_Assignment1.egg-info/entry_points.txt
[1.549s] writing requirements to ../build/Robotics_Assignment1/Robotics_Assignment1.egg-info/requires.txt
[1.549s] writing top-level names to ../build/Robotics_Assignment1/Robotics_Assignment1.egg-info/top_level.txt
[1.587s] reading manifest file '../build/Robotics_Assignment1/Robotics_Assignment1.egg-info/SOURCES.txt'
[1.589s] writing manifest file '../build/Robotics_Assignment1/Robotics_Assignment1.egg-info/SOURCES.txt'
[1.589s] running build
[1.589s] running build_py
[1.589s] running install
[1.596s] running install_lib
[1.618s] running install_data
[1.618s] running install_egg_info
[1.639s] removing '/root/ros2_ws/install/Robotics_Assignment1/lib/python3.12/site-packages/Robotics_Assignment1-0.0.0-py3.12.egg-info' (and everything under it)
[1.639s] Copying ../build/Robotics_Assignment1/Robotics_Assignment1.egg-info to /root/ros2_ws/install/Robotics_Assignment1/lib/python3.12/site-packages/Robotics_Assignment1-0.0.0-py3.12.egg-info
[1.640s] running install_scripts
[1.774s] Installing client script to /root/ros2_ws/install/Robotics_Assignment1/lib/Robotics_Assignment1
[1.775s] Installing service script to /root/ros2_ws/install/Robotics_Assignment1/lib/Robotics_Assignment1
[1.775s] writing list of installed files to '/root/ros2_ws/build/Robotics_Assignment1/install.log'
[1.818s] Invoked command in '/root/ros2_ws/src' returned '0': DEBUGINFOD_URLS=https://debuginfod.ubuntu.com PYTHONPATH=/root/ros2_ws/build/Robotics_Assignment1/prefix_override:/usr/lib/python3/dist-packages/colcon_core/task/python/colcon_distutils_commands:/root/ros2_ws/install/Robotics_Assignment1/lib/python3.12/site-packages:${PYTHONPATH} /usr/bin/python3 -W ignore:setup.py install is deprecated setup.py egg_info --egg-base ../build/Robotics_Assignment1 build --build-base /root/ros2_ws/build/Robotics_Assignment1/build install --record /root/ros2_ws/build/Robotics_Assignment1/install.log --single-version-externally-managed install_data
